<?xml version="1.0" encoding="UTF-8"?>
<!-- Generated by org.testng.reporters.JUnitReportReporter -->
<testsuite hostname="DESKTOP-KBNET8L" name="com.section1.SumValidation" tests="1" failures="0" timestamp="3 Sep 2022 02:46:36 GMT" time="3.532" errors="0">
  <testcase name="sumOfCourses" time="3.532" classname="com.section1.SumValidation"/>
</testsuite> <!-- com.section1.SumValidation -->
